0 info it worked if it ends with ok
1 verbose cli [ '/usr/bin/node', '/usr/bin/npm', 'run', 'deploy' ]
2 info using npm@3.5.2
3 info using node@v8.10.0
4 verbose run-script [ 'predeploy', 'deploy', 'postdeploy' ]
5 info lifecycle @~predeploy: @
6 silly lifecycle @~predeploy: no script for predeploy, continuing
7 info lifecycle @~deploy: @
8 verbose lifecycle @~deploy: unsafe-perm in lifecycle true
9 verbose lifecycle @~deploy: PATH: /usr/share/npm/bin/node-gyp-bin:/home/menna/nodejs/nd0067-c4-deployment-process-project-starter/node_modules/.bin:/usr/local/sbin:/usr/local/bin:/usr/sbin:/usr/bin:/sbin:/bin:/snap/bin
10 verbose lifecycle @~deploy: CWD: /home/menna/nodejs/nd0067-c4-deployment-process-project-starter
11 silly lifecycle @~deploy: Args: [ '-c', 'npm run api:deploy && npm run frontend:deploy' ]
12 silly lifecycle @~deploy: Returned: code: 1  signal: null
13 info lifecycle @~deploy: Failed to exec deploy script
14 verbose stack Error: @ deploy: `npm run api:deploy && npm run frontend:deploy`
14 verbose stack Exit status 1
14 verbose stack     at EventEmitter.<anonymous> (/usr/share/npm/lib/utils/lifecycle.js:232:16)
14 verbose stack     at emitTwo (events.js:126:13)
14 verbose stack     at EventEmitter.emit (events.js:214:7)
14 verbose stack     at ChildProcess.<anonymous> (/usr/share/npm/lib/utils/spawn.js:24:14)
14 verbose stack     at emitTwo (events.js:126:13)
14 verbose stack     at ChildProcess.emit (events.js:214:7)
14 verbose stack     at maybeClose (internal/child_process.js:925:16)
14 verbose stack     at Process.ChildProcess._handle.onexit (internal/child_process.js:209:5)
15 verbose pkgid @
16 verbose cwd /home/menna/nodejs/nd0067-c4-deployment-process-project-starter
17 error Linux 5.4.0-124-generic
18 error argv "/usr/bin/node" "/usr/bin/npm" "run" "deploy"
19 error node v8.10.0
20 error npm  v3.5.2
21 error code ELIFECYCLE
22 error @ deploy: `npm run api:deploy && npm run frontend:deploy`
22 error Exit status 1
23 error Failed at the @ deploy script 'npm run api:deploy && npm run frontend:deploy'.
23 error Make sure you have the latest version of node.js and npm installed.
23 error If you do, this is most likely a problem with the  package,
23 error not with npm itself.
23 error Tell the author that this fails on your system:
23 error     npm run api:deploy && npm run frontend:deploy
23 error You can get information on how to open an issue for this project with:
23 error     npm bugs
23 error Or if that isn't available, you can get their info via:
23 error     npm owner ls
23 error There is likely additional logging output above.
24 verbose exit [ 1, true ]
